#
# There is insufficient memory for the Java Runtime Environment to continue.
# Native memory allocation (mmap) failed to map 134217728 bytes. Error detail: G1 virtual space
# Possible reasons:
#   The system is out of physical RAM or swap space
#   This process is running with CompressedOops enabled, and the Java Heap may be blocking the growth of the native heap
# Possible solutions:
#   Reduce memory load on the system
#   Increase physical memory or swap space
#   Check if swap backing store is full
#   Decrease Java heap size (-Xmx/-Xms)
#   Decrease number of Java threads
#   Decrease Java thread stack sizes (-Xss)
#   Set larger code cache with -XX:ReservedCodeCacheSize=
#   JVM is running with Unscaled Compressed Oops mode in which the Java heap is
#     placed in the first 4GB address space. The Java Heap base address is the
#     maximum limit for the native heap growth. Please use -XX:HeapBaseMinAddress
#     to set the Java Heap base and to place the Java Heap above 4GB virtual address.
# This output file may be truncated or incomplete.
#
#  Out of Memory Error (os_windows.cpp:3613), pid=13076, tid=5488
#
# JRE version:  (17.0.12+7) (build )
# Java VM: OpenJDK 64-Bit Server VM (17.0.12+7-LTS, mixed mode, emulated-client, sharing, tiered, compressed oops, compressed class ptrs, g1 gc, windows-amd64)
# No core dump will be written. Minidumps are not enabled by default on client versions of Windows
#

---------------  S U M M A R Y ------------

Command Line: -XX:TieredStopAtLevel=1 -Xverify:none -Dspring.output.ansi.enabled=always -Dcom.sun.management.jmxremote -Dspring.jmx.enabled=true -Dspring.liveBeansView.mbeanDomain -Dspring.application.admin.enabled=true -javaagent:C:\Program Files\JetBrains\IntelliJ IDEA 2022.1.3\lib\idea_rt.jar=54401:C:\Program Files\JetBrains\IntelliJ IDEA 2022.1.3\bin -Dfile.encoding=UTF-8 az.ingress.Application

Host: Intel(R) Core(TM) i5-7200U CPU @ 2.50GHz, 4 cores, 7G,  Windows 10 , 64 bit Build 19041 (10.0.19041.4957)
Time: Wed Oct  9 15:43:58 2024 Azerbaijan Standard Time elapsed time: 0.073142 seconds (0d 0h 0m 0s)

---------------  T H R E A D  ---------------

Current thread (0x000001ab2a2178b0):  JavaThread "Unknown thread" [_thread_in_vm, id=5488, stack(0x000000a65de00000,0x000000a65df00000)]

Stack: [0x000000a65de00000,0x000000a65df00000]
Native frames: (J=compiled Java code, j=interpreted, Vv=VM code, C=native code)
V  [jvm.dll+0x67f4f9]
V  [jvm.dll+0x836eaa]
V  [jvm.dll+0x83896e]
V  [jvm.dll+0x838fd3]
V  [jvm.dll+0x247f6f]
V  [jvm.dll+0x67c2b9]
V  [jvm.dll+0x670d7a]
V  [jvm.dll+0x307b5b]
V  [jvm.dll+0x30f046]
V  [jvm.dll+0x35f22e]
V  [jvm.dll+0x35f46f]
V  [jvm.dll+0x2deb7c]
V  [jvm.dll+0x2dfad4]
V  [jvm.dll+0x80870b]
V  [jvm.dll+0x36cfa1]
V  [jvm.dll+0x7e70f5]
V  [jvm.dll+0x3f0adf]
V  [jvm.dll+0x3f2631]
C  [jli.dll+0x528f]
C  [ucrtbase.dll+0x21bb2]
C  [KERNEL32.DLL+0x17374]
C  [ntdll.dll+0x4cc91]


---------------  P R O C E S S  ---------------

Threads class SMR info:
_java_thread_list=0x00007ffd9a186f18, length=0, elements={
}

Java Threads: ( => current thread )

Other Threads:
  0x000001ab2a26fcf0 GCTaskThread "GC Thread#0" [stack: 0x000000a65df00000,0x000000a65e000000] [id=5604]
  0x000001ab2a281890 ConcurrentGCThread "G1 Main Marker" [stack: 0x000000a65e000000,0x000000a65e100000] [id=10828]
  0x000001ab2a2822b0 ConcurrentGCThread "G1 Conc#0" [stack: 0x000000a65e100000,0x000000a65e200000] [id=11880]

[error occurred during error reporting (printing all threads), id 0xc0000005, EXCEPTION_ACCESS_VIOLATION (0xc0000005) at pc=0x00007ffd9993f277]

VM state: not at safepoint (not fully initialized)

VM Mutex/Monitor currently owned by a thread:  ([mutex/lock_event])
[0x000001ab2a212390] Heap_lock - owner thread: 0x000001ab2a2178b0

Heap address: 0x0000000081e00000, size: 2018 MB, Compressed Oops mode: 32-bit

CDS archive(s) mapped at: [0x0000000000000000-0x0000000000000000-0x0000000000000000), size 0, SharedBaseAddress: 0x0000000800000000, ArchiveRelocationMode: 1.
Narrow klass base: 0x0000000000000000, Narrow klass shift: 0, Narrow klass range: 0x0

GC Precious Log:
<Empty>

Heap:
 garbage-first heap   total 0K, used 0K [0x0000000081e00000, 0x0000000100000000)
  region size 1024K, 0 young (0K), 0 survivors (0K)

[error occurred during error reporting (printing heap information), id 0xc0000005, EXCEPTION_ACCESS_VIOLATION (0xc0000005) at pc=0x00007ffd99d28829]

GC Heap History (0 events):
No events

Dll operation events (1 events):
Event: 0.051 Loaded shared library C:\Users\efqan\.jdks\corretto-17.0.12\bin\java.dll

Deoptimization events (0 events):
No events

Classes loaded (0 events):
No events

Classes unloaded (0 events):
No events

Classes redefined (0 events):
No events

Internal exceptions (0 events):
No events

VM Operations (0 events):
No events

Events (0 events):
No events


Dynamic libraries:
0x00007ff7659a0000 - 0x00007ff7659ae000 	C:\Users\efqan\.jdks\corretto-17.0.12\bin\java.exe
0x00007ffde3d30000 - 0x00007ffde3f28000 	C:\Windows\SYSTEM32\ntdll.dll
0x00007ffde2030000 - 0x00007ffde20f2000 	C:\Windows\System32\KERNEL32.DLL
0x00007ffde1850000 - 0x00007ffde1b4e000 	C:\Windows\System32\KERNELBASE.dll
0x00007ffde13d0000 - 0x00007ffde14d0000 	C:\Windows\System32\ucrtbase.dll
0x00007ffdc0fe0000 - 0x00007ffdc0ff7000 	C:\Users\efqan\.jdks\corretto-17.0.12\bin\jli.dll
0x00007ffdb2dc0000 - 0x00007ffdb2ddb000 	C:\Users\efqan\.jdks\corretto-17.0.12\bin\VCRUNTIME140.dll
0x00007ffde2100000 - 0x00007ffde229d000 	C:\Windows\System32\USER32.dll
0x00007ffde14d0000 - 0x00007ffde14f2000 	C:\Windows\System32\win32u.dll
0x00007ffde3330000 - 0x00007ffde335b000 	C:\Windows\System32\GDI32.dll
0x00007ffde1ba0000 - 0x00007ffde1cb7000 	C:\Windows\System32\gdi32full.dll
0x00007ffde1500000 - 0x00007ffde159d000 	C:\Windows\System32\msvcp_win.dll
0x00007ffdcaaf0000 - 0x00007ffdcad8a000 	C:\Windows\WinSxS\amd64_microsoft.windows.common-controls_6595b64144ccf1df_6.0.19041.4355_none_60b8b9eb71f62e16\COMCTL32.dll
0x00007ffde28a0000 - 0x00007ffde293e000 	C:\Windows\System32\msvcrt.dll
0x00007ffde1df0000 - 0x00007ffde1e1f000 	C:\Windows\System32\IMM32.DLL
0x00007ffdd9d70000 - 0x00007ffdd9d7c000 	C:\Users\efqan\.jdks\corretto-17.0.12\bin\vcruntime140_1.dll
0x00007ffdad1f0000 - 0x00007ffdad27d000 	C:\Users\efqan\.jdks\corretto-17.0.12\bin\msvcp140.dll
0x00007ffd99650000 - 0x00007ffd9a2ba000 	C:\Users\efqan\.jdks\corretto-17.0.12\bin\server\jvm.dll
0x00007ffde25e0000 - 0x00007ffde2692000 	C:\Windows\System32\ADVAPI32.dll
0x00007ffde1d50000 - 0x00007ffde1df0000 	C:\Windows\System32\sechost.dll
0x00007ffde3120000 - 0x00007ffde3243000 	C:\Windows\System32\RPCRT4.dll
0x00007ffde1820000 - 0x00007ffde1847000 	C:\Windows\System32\bcrypt.dll
0x00007ffde2700000 - 0x00007ffde276b000 	C:\Windows\System32\WS2_32.dll
0x00007ffdc9570000 - 0x00007ffdc9597000 	C:\Windows\SYSTEM32\WINMM.dll
0x00007ffddd9d0000 - 0x00007ffddd9da000 	C:\Windows\SYSTEM32\VERSION.dll
0x00007ffde08d0000 - 0x00007ffde091b000 	C:\Windows\SYSTEM32\POWRPROF.dll
0x00007ffde0790000 - 0x00007ffde07a2000 	C:\Windows\SYSTEM32\UMPDC.dll
0x00007ffddf130000 - 0x00007ffddf142000 	C:\Windows\SYSTEM32\kernel.appcore.dll
0x00007ffdbaa90000 - 0x00007ffdbaa9a000 	C:\Users\efqan\.jdks\corretto-17.0.12\bin\jimage.dll
0x00007ffdd71d0000 - 0x00007ffdd73b4000 	C:\Windows\SYSTEM32\DBGHELP.DLL
0x00007ffdd6a70000 - 0x00007ffdd6aa4000 	C:\Windows\SYSTEM32\dbgcore.DLL
0x00007ffde1cc0000 - 0x00007ffde1d42000 	C:\Windows\System32\bcryptPrimitives.dll
0x00007ffdd7770000 - 0x00007ffdd777e000 	C:\Users\efqan\.jdks\corretto-17.0.12\bin\instrument.dll
0x00007ffdaea40000 - 0x00007ffdaea65000 	C:\Users\efqan\.jdks\corretto-17.0.12\bin\java.dll

dbghelp: loaded successfully - version: 4.0.5 - missing functions: none
symbol engine: initialized successfully - sym options: 0x614 - pdb path: .;C:\Users\efqan\.jdks\corretto-17.0.12\bin;C:\Windows\SYSTEM32;C:\Windows\WinSxS\amd64_microsoft.windows.common-controls_6595b64144ccf1df_6.0.19041.4355_none_60b8b9eb71f62e16;C:\Users\efqan\.jdks\corretto-17.0.12\bin\server

VM Arguments:
jvm_args: -XX:TieredStopAtLevel=1 -Xverify:none -Dspring.output.ansi.enabled=always -Dcom.sun.management.jmxremote -Dspring.jmx.enabled=true -Dspring.liveBeansView.mbeanDomain -Dspring.application.admin.enabled=true -javaagent:C:\Program Files\JetBrains\IntelliJ IDEA 2022.1.3\lib\idea_rt.jar=54401:C:\Program Files\JetBrains\IntelliJ IDEA 2022.1.3\bin -Dfile.encoding=UTF-8 
java_command: az.ingress.Application
java_class_path (initial): C:\Users\efqan\Desktop\ms.ticket-manager\build\classes\java\main;C:\Users\efqan\Desktop\ms.ticket-manager\build\resources\main;C:\Users\efqan\.gradle\caches\modules-2\files-2.1\org.projectlombok\lombok\1.18.26\8f8cf0372abf564913e9796623aac4c8ea44025a\lombok-1.18.26.jar;C:\Users\efqan\.gradle\caches\modules-2\files-2.1\org.springframework.boot\spring-boot-starter-web\2.7.12\aba3f96331e2cfa316d8ec7446804721120a0552\spring-boot-starter-web-2.7.12.jar;C:\Users\efqan\.gradle\caches\modules-2\files-2.1\org.springframework.boot\spring-boot-starter-data-jpa\2.7.12\17fdcc9bc155a6e6459190078c3a37c7fce0ced8\spring-boot-starter-data-jpa-2.7.12.jar;C:\Users\efqan\.gradle\caches\modules-2\files-2.1\org.springframework.cloud\spring-cloud-starter-openfeign\3.1.4\6fb0d0c7be9c2b6d214d4e823c9b41b3a9e5183d\spring-cloud-starter-openfeign-3.1.4.jar;C:\Users\efqan\.gradle\caches\modules-2\files-2.1\org.springframework.boot\spring-boot-starter-aop\2.7.12\334620701ca6aa67c1258c67bbe65ae75607d25a\spring-boot-starter-aop-2.7.12.jar;C:\Users\efqan\.gradle\caches\modules-2\files-2.1\org.springframework.boot\spring-boot-starter-validation\2.7.12\5d1a41949e944335de0af5153aca20f08a720736\spring-boot-starter-validation-2.7.12.jar;C:\Users\efqan\.gradle\caches\modules-2\files-2.1\org.springframework.boot\spring-boot-starter-amqp\2.7.12\694c0e878440e41af9c0edc2915151e62c14f0be\spring-boot-starter-amqp-2.7.12.jar;C:\Users\efqan\.gradle\caches\modules-2\files-2.1\org.mockito\mockito-core\4.5.1\ed456e623e5afc6f4cee3ae58144e5c45f3b3bf\mockito-core-4.5.1.jar;C:\Users\efqan\.gradle\caches\modules-2\files-2.1\org.liquibase\liquibase-core\4.9.1\3884ee003b465e7925f5a4c5494e9e987de3e041\liquibase-core-4.9.1.jar;C:\Users\efqan\.gradle\caches\modules-2\files-2.1\net.javacrumbs.shedlock\shedlock-spring\2.2.0\bca8a220681b2200862da9fcb172875f034fc96b\shedlock-spring-2.2.0.jar;C:\Users\efqan\.gradle\caches\modules-2\files-2.1\net.javacrumbs.shedlock\shedlock-provider-jdbc-template\2.2.0\
Launcher Type: SUN_STANDARD

[Global flags]
     intx CICompilerCount                          = 3                                         {product} {ergonomic}
     uint ConcGCThreads                            = 1                                         {product} {ergonomic}
     uint G1ConcRefinementThreads                  = 4                                         {product} {ergonomic}
   size_t G1HeapRegionSize                         = 1048576                                   {product} {ergonomic}
    uintx GCDrainStackTargetSize                   = 64                                        {product} {ergonomic}
   size_t InitialHeapSize                          = 134217728                                 {product} {ergonomic}
     bool ManagementServer                         = true                                      {product} {command line}
   size_t MarkStackSize                            = 4194304                                   {product} {ergonomic}
   size_t MaxHeapSize                              = 2116026368                                {product} {ergonomic}
   size_t MinHeapDeltaBytes                        = 1048576                                   {product} {ergonomic}
   size_t MinHeapSize                              = 8388608                                   {product} {ergonomic}
    uintx NonProfiledCodeHeapSize                  = 0                                      {pd product} {ergonomic}
     bool ProfileInterpreter                       = false                                  {pd product} {command line}
    uintx ProfiledCodeHeapSize                     = 0                                      {pd product} {ergonomic}
   size_t SoftMaxHeapSize                          = 2116026368                             {manageable} {ergonomic}
     intx TieredStopAtLevel                        = 1                                         {product} {command line}
     bool UseCompressedClassPointers               = true                           {product lp64_product} {ergonomic}
     bool UseCompressedOops                        = true                           {product lp64_product} {ergonomic}
     bool UseG1GC                                  = true                                      {product} {ergonomic}
     bool UseLargePagesIndividualAllocation        = false                                  {pd product} {ergonomic}

Logging:
Log output configuration:
 #0: stdout all=warning uptime,level,tags
 #1: stderr all=off uptime,level,tags

Environment Variables:
PATH=C:\Program Files\Common Files\Oracle\Java\javapath;C:\Program Files (x86)\Common Files\Oracle\Java\javapath;C:\Windows\system32;C:\Windows;C:\Windows\System32\Wbem;C:\Windows\System32\WindowsPowerShell\v1.0\;C:\Windows\System32\OpenSSH\;C:\Program Files (x86)\Microchip\MPLAB C32 Suite\bin;C:\Program Files\Git\cmd;C:\Program Files\Docker\Docker\resources\bin;C:\Users\efqan\AppData\Local\Microsoft\WindowsApps;"C:\Users\efqan\AppData\Local\Programs\Microsoft VS Code\bin;C:\Program Files\Java\jdk-20\bin;C:\Program Files\Java\jre-1.8\bin";;C:\Users\efqan\AppData\Local\Programs\Microsoft VS Code\bin
USERNAME=efqan
OS=Windows_NT
PROCESSOR_IDENTIFIER=Intel64 Family 6 Model 142 Stepping 9, GenuineIntel
TMP=C:\Users\efqan\AppData\Local\Temp
TEMP=C:\Users\efqan\AppData\Local\Temp



Periodic native trim disabled


---------------  S Y S T E M  ---------------

OS:
 Windows 10 , 64 bit Build 19041 (10.0.19041.4957)
OS uptime: 0 days 1:13 hours
Hyper-V role detected

CPU: total 4 (initial active 4) (2 cores per cpu, 2 threads per core) family 6 model 142 stepping 9 microcode 0xb4, cx8, cmov, fxsr, ht, mmx, 3dnowpref, sse, sse2, sse3, ssse3, sse4.1, sse4.2, popcnt, lzcnt, tsc, tscinvbit, avx, avx2, aes, erms, clmul, bmi1, bmi2, adx, fma, vzeroupper, clflush, clflushopt, hv
Processor Information for all 4 processors :
  Max Mhz: 2701, Current Mhz: 2701, Mhz Limit: 2701

Memory: 4k page, system-wide physical 8069M (384M free)
TotalPageFile size 12165M (AvailPageFile size 127M)
current process WorkingSet (physical memory assigned to process): 10M, peak: 10M
current process commit charge ("private bytes"): 47M, peak: 175M

vm_info: OpenJDK 64-Bit Server VM (17.0.12+7-LTS) for windows-amd64 JRE (17.0.12+7-LTS), built on Jul 10 2024 20:46:33 by "Administrator" with MS VC++ 16.10 / 16.11 (VS2019)

END.
